<?xml version="1.0" encoding="UTF-8"?>
<!-- Generated by org.testng.reporters.JUnitXMLReporter -->
<testsuite ignored="0" hostname="Resh" failures="0" tests="3" name="CartTest" time="96.524" errors="0" timestamp="2024-09-19T18:06:55 IST">
  <testcase classname="com.Swaglabs.TestCase.CartPageTest" name="ValidateRemove" time="3.552"/>
  <testcase classname="com.Swaglabs.TestCase.CartPageTest" name="validatecontinueShoping" time="16.153"/>
  <testcase classname="com.Swaglabs.TestCase.CartPageTest" name="navigateToCheckoutPage" time="3.556"/>
</testsuite> <!-- CartTest -->
