<?xml version="1.0" encoding="UTF-8"?>
<!-- Generated by org.testng.reporters.JUnitXMLReporter -->
<testsuite ignored="0" hostname="Resh" failures="0" tests="4" name="InventoryTest" time="41.668" errors="0" timestamp="2024-09-19T18:05:18 IST">
  <testcase classname="com.Swaglabs.TestCase.InventoryPageTest" name="ValidateProductDetails" time="1.157"/>
  <testcase classname="com.Swaglabs.TestCase.InventoryPageTest" name="ValidateSelection" time="0.16"/>
  <testcase classname="com.Swaglabs.TestCase.InventoryPageTest" name="ValidateAddToCart" time="0.559"/>
  <testcase classname="com.Swaglabs.TestCase.InventoryPageTest" name="openCart" time="1.223"/>
</testsuite> <!-- InventoryTest -->
