<?xml version="1.0" encoding="UTF-8"?>
<!-- Generated by org.testng.reporters.JUnitXMLReporter -->
<testsuite ignored="1" hostname="Resh" failures="0" tests="6" name="Test" time="19.595" errors="0" timestamp="2024-09-15T21:24:15 IST">
  <testcase classname="com.Swaglabs.TestCase.InventoryPageTest" name="@BeforeClass setup" time="0.176">
    <failure type="java.lang.NullPointerException" message="Cannot invoke &amp;quot;com.Swaglabs.Pages.LoginPage.Login(String, String)&amp;quot; because &amp;quot;this.lp&amp;quot; is null">
      <![CDATA[java.lang.NullPointerException: Cannot invoke "com.Swaglabs.Pages.LoginPage.Login(String, String)" because "this.lp" is null
at com.Swaglabs.TestCase.InventoryPageTest.setup(InventoryPageTest.java:14)
at java.base/java.util.ArrayList.forEach(ArrayList.java:1597)
... Removed 23 stack frames]]>
    </failure>
  </testcase> <!-- @BeforeClass setup -->
  <testcase classname="com.Swaglabs.TestCase.LoginPageTest" name="ValidateUrl" time="0.467"/>
  <testcase classname="com.Swaglabs.TestCase.LoginPageTest" name="ValidateTitle" time="0.022"/>
  <testcase classname="com.Swaglabs.TestCase.InventoryPageTest" name="ValidateProductDetails" time="0.001">
    <skipped/>
  </testcase> <!-- ValidateProductDetails -->
  <testcase classname="com.Swaglabs.TestCase.InventoryPageTest" name="ValidateSelection" time="0.001">
    <skipped/>
  </testcase> <!-- ValidateSelection -->
  <testcase classname="com.Swaglabs.TestCase.InventoryPageTest" name="ValidateAddToCart" time="0.0">
    <skipped/>
  </testcase> <!-- ValidateAddToCart -->
  <testcase classname="com.Swaglabs.TestCase.InventoryPageTest" name="openCart" time="0.0">
    <skipped/>
  </testcase> <!-- openCart -->
  <testcase classname="com.Swaglabs.BaseTest.BaseTest" name="@BeforeTest setUp" time="0.0">
    <ignored/>
  </testcase> <!-- @BeforeTest setUp -->
</testsuite> <!-- Test -->
