<?xml version="1.0" encoding="UTF-8"?>
<!-- Generated by org.testng.reporters.JUnitXMLReporter -->
<testsuite ignored="0" hostname="Resh" failures="0" tests="3" name="CartTest" time="62.795" errors="0" timestamp="2024-09-30T17:37:04 IST">
  <testcase classname="com.Swaglabs.TestCase.CartPageTest" name="ValidateRemove" time="0.056"/>
  <testcase classname="com.Swaglabs.TestCase.CartPageTest" name="validatecontinueShoping" time="0.558"/>
  <testcase classname="com.Swaglabs.TestCase.CartPageTest" name="navigateToCheckoutPage" time="0.125"/>
</testsuite> <!-- CartTest -->
