<?xml version="1.0" encoding="UTF-8"?>
<!-- Generated by org.testng.reporters.JUnitXMLReporter -->
<testsuite ignored="0" hostname="Resh" failures="0" tests="3" name="CartTest" time="99.711" errors="0" timestamp="2024-09-30T17:04:42 IST">
  <testcase classname="com.Swaglabs.TestCase.CartPageTest" name="ValidateRemove" time="0.063"/>
  <testcase classname="com.Swaglabs.TestCase.CartPageTest" name="validatecontinueShoping" time="0.386"/>
  <testcase classname="com.Swaglabs.TestCase.CartPageTest" name="navigateToCheckoutPage" time="0.066"/>
</testsuite> <!-- CartTest -->
