<?xml version="1.0" encoding="UTF-8"?>
<!-- Generated by org.testng.reporters.JUnitXMLReporter -->
<testsuite ignored="0" hostname="Resh" failures="0" tests="4" name="InventoryTest" time="15.333" errors="0" timestamp="2024-09-19T13:24:48 IST">
  <testcase classname="com.Swaglabs.TestCase.InventoryPageTest" name="ValidateProductDetails" time="0.237"/>
  <testcase classname="com.Swaglabs.TestCase.InventoryPageTest" name="ValidateSelection" time="0.138"/>
  <testcase classname="com.Swaglabs.TestCase.InventoryPageTest" name="ValidateAddToCart" time="0.058"/>
  <testcase classname="com.Swaglabs.TestCase.InventoryPageTest" name="openCart" time="0.063"/>
</testsuite> <!-- InventoryTest -->
