<?xml version="1.0" encoding="UTF-8"?>
<!-- Generated by org.testng.reporters.JUnitXMLReporter -->
<testsuite ignored="0" hostname="Resh" failures="0" tests="4" name="InventoryTest" time="41.073" errors="0" timestamp="2024-09-30T17:03:02 IST">
  <testcase classname="com.Swaglabs.TestCase.InventoryPageTest" name="ValidateProductDetails" time="0.132"/>
  <testcase classname="com.Swaglabs.TestCase.InventoryPageTest" name="ValidateSelection" time="0.284"/>
  <testcase classname="com.Swaglabs.TestCase.InventoryPageTest" name="ValidateAddToCart" time="0.063"/>
  <testcase classname="com.Swaglabs.TestCase.InventoryPageTest" name="openCart" time="0.069"/>
</testsuite> <!-- InventoryTest -->
