<?xml version="1.0" encoding="UTF-8"?>
<testng-results ignored="0" total="12" passed="12" failed="0" skipped="0">
  <reporter-output>
  </reporter-output>
  <suite started-at="2024-09-30T17:00:21 IST" name="Suite" finished-at="2024-09-30T17:08:25 IST" duration-ms="484447">
    <groups>
    </groups>
    <test started-at="2024-09-30T17:00:21 IST" name="LoginTest" finished-at="2024-09-30T17:02:18 IST" duration-ms="117177">
      <class name="com.Swaglabs.TestCase.LoginPageTest">
        <test-method is-config="true" signature="setUp()[pri:0, instance:com.Swaglabs.TestCase.LoginPageTest@2a693f59]" started-at="2024-09-30T17:00:21 IST" name="setUp" finished-at="2024-09-30T17:02:17 IST" duration-ms="116438" status="PASS">
          <reporter-output>
          </reporter-output>
        </test-method> <!-- setUp -->
        <test-method signature="ValidateUrl()[pri:1, instance:com.Swaglabs.TestCase.LoginPageTest@2a693f59]" started-at="2024-09-30T17:02:17 IST" name="ValidateUrl" finished-at="2024-09-30T17:02:18 IST" duration-ms="406" status="PASS">
          <reporter-output>
          </reporter-output>
        </test-method> <!-- ValidateUrl -->
        <test-method signature="ValidateTitle()[pri:2, instance:com.Swaglabs.TestCase.LoginPageTest@2a693f59]" started-at="2024-09-30T17:02:18 IST" name="ValidateTitle" finished-at="2024-09-30T17:02:18 IST" duration-ms="10" status="PASS">
          <reporter-output>
          </reporter-output>
        </test-method> <!-- ValidateTitle -->
      </class> <!-- com.Swaglabs.TestCase.LoginPageTest -->
    </test> <!-- LoginTest -->
    <test started-at="2024-09-30T17:02:21 IST" name="InventoryTest" finished-at="2024-09-30T17:03:02 IST" duration-ms="41073">
      <class name="com.Swaglabs.TestCase.InventoryPageTest">
        <test-method is-config="true" signature="setUp()[pri:0, instance:com.Swaglabs.TestCase.InventoryPageTest@55de24cc]" started-at="2024-09-30T17:02:21 IST" name="setUp" finished-at="2024-09-30T17:02:59 IST" duration-ms="38532" status="PASS">
          <reporter-output>
          </reporter-output>
        </test-method> <!-- setUp -->
        <test-method is-config="true" signature="setup()[pri:0, instance:com.Swaglabs.TestCase.InventoryPageTest@55de24cc]" started-at="2024-09-30T17:02:59 IST" name="setup" finished-at="2024-09-30T17:03:01 IST" duration-ms="1979" status="PASS">
          <reporter-output>
          </reporter-output>
        </test-method> <!-- setup -->
        <test-method signature="ValidateProductDetails()[pri:1, instance:com.Swaglabs.TestCase.InventoryPageTest@55de24cc]" started-at="2024-09-30T17:03:01 IST" name="ValidateProductDetails" finished-at="2024-09-30T17:03:01 IST" duration-ms="132" status="PASS">
          <reporter-output>
          </reporter-output>
        </test-method> <!-- ValidateProductDetails -->
        <test-method signature="ValidateSelection()[pri:2, instance:com.Swaglabs.TestCase.InventoryPageTest@55de24cc]" started-at="2024-09-30T17:03:01 IST" name="ValidateSelection" finished-at="2024-09-30T17:03:02 IST" duration-ms="284" status="PASS">
          <reporter-output>
          </reporter-output>
        </test-method> <!-- ValidateSelection -->
        <test-method signature="ValidateAddToCart()[pri:3, instance:com.Swaglabs.TestCase.InventoryPageTest@55de24cc]" started-at="2024-09-30T17:03:02 IST" name="ValidateAddToCart" finished-at="2024-09-30T17:03:02 IST" duration-ms="63" status="PASS">
          <reporter-output>
          </reporter-output>
        </test-method> <!-- ValidateAddToCart -->
        <test-method signature="openCart()[pri:4, instance:com.Swaglabs.TestCase.InventoryPageTest@55de24cc]" started-at="2024-09-30T17:03:02 IST" name="openCart" finished-at="2024-09-30T17:03:02 IST" duration-ms="69" status="PASS">
          <reporter-output>
          </reporter-output>
        </test-method> <!-- openCart -->
      </class> <!-- com.Swaglabs.TestCase.InventoryPageTest -->
    </test> <!-- InventoryTest -->
    <test started-at="2024-09-30T17:03:02 IST" name="CartTest" finished-at="2024-09-30T17:04:42 IST" duration-ms="99711">
      <class name="com.Swaglabs.TestCase.CartPageTest">
        <test-method is-config="true" signature="setUp()[pri:0, instance:com.Swaglabs.TestCase.CartPageTest@c05fddc]" started-at="2024-09-30T17:03:02 IST" name="setUp" finished-at="2024-09-30T17:04:38 IST" duration-ms="96151" status="PASS">
          <reporter-output>
          </reporter-output>
        </test-method> <!-- setUp -->
        <test-method is-config="true" signature="setup()[pri:0, instance:com.Swaglabs.TestCase.CartPageTest@c05fddc]" started-at="2024-09-30T17:04:38 IST" name="setup" finished-at="2024-09-30T17:04:41 IST" duration-ms="3032" status="PASS">
          <reporter-output>
          </reporter-output>
        </test-method> <!-- setup -->
        <test-method signature="ValidateRemove()[pri:1, instance:com.Swaglabs.TestCase.CartPageTest@c05fddc]" started-at="2024-09-30T17:04:41 IST" name="ValidateRemove" finished-at="2024-09-30T17:04:42 IST" duration-ms="63" status="PASS">
          <reporter-output>
          </reporter-output>
        </test-method> <!-- ValidateRemove -->
        <test-method signature="validatecontinueShoping()[pri:2, instance:com.Swaglabs.TestCase.CartPageTest@c05fddc]" started-at="2024-09-30T17:04:42 IST" name="validatecontinueShoping" finished-at="2024-09-30T17:04:42 IST" duration-ms="386" status="PASS">
          <reporter-output>
          </reporter-output>
        </test-method> <!-- validatecontinueShoping -->
        <test-method signature="navigateToCheckoutPage()[pri:3, instance:com.Swaglabs.TestCase.CartPageTest@c05fddc]" started-at="2024-09-30T17:04:42 IST" name="navigateToCheckoutPage" finished-at="2024-09-30T17:04:42 IST" duration-ms="66" status="PASS">
          <reporter-output>
          </reporter-output>
        </test-method> <!-- navigateToCheckoutPage -->
      </class> <!-- com.Swaglabs.TestCase.CartPageTest -->
    </test> <!-- CartTest -->
    <test started-at="2024-09-30T17:04:42 IST" name="CheckOutPage" finished-at="2024-09-30T17:06:18 IST" duration-ms="95803">
      <class name="com.Swaglabs.TestCase.CheckOutPageTest">
        <test-method is-config="true" signature="setUp()[pri:0, instance:com.Swaglabs.TestCase.CheckOutPageTest@50378a4]" started-at="2024-09-30T17:04:42 IST" name="setUp" finished-at="2024-09-30T17:06:16 IST" duration-ms="93180" status="PASS">
          <reporter-output>
          </reporter-output>
        </test-method> <!-- setUp -->
        <test-method is-config="true" signature="setup()[pri:0, instance:com.Swaglabs.TestCase.CheckOutPageTest@50378a4]" started-at="2024-09-30T17:06:16 IST" name="setup" finished-at="2024-09-30T17:06:17 IST" duration-ms="1692" status="PASS">
          <reporter-output>
          </reporter-output>
        </test-method> <!-- setup -->
        <test-method signature="ValidateOverview()[pri:0, instance:com.Swaglabs.TestCase.CheckOutPageTest@50378a4]" started-at="2024-09-30T17:06:17 IST" name="ValidateOverview" finished-at="2024-09-30T17:06:18 IST" duration-ms="927" status="PASS">
          <reporter-output>
          </reporter-output>
        </test-method> <!-- ValidateOverview -->
      </class> <!-- com.Swaglabs.TestCase.CheckOutPageTest -->
    </test> <!-- CheckOutPage -->
    <test started-at="2024-09-30T17:06:22 IST" name="OverviewPage" finished-at="2024-09-30T17:08:25 IST" duration-ms="123059">
      <class name="com.Swaglabs.TestCase.OverviewPageTest">
        <test-method is-config="true" signature="setUp()[pri:0, instance:com.Swaglabs.TestCase.OverviewPageTest@97e93f1]" started-at="2024-09-30T17:06:22 IST" name="setUp" finished-at="2024-09-30T17:08:20 IST" duration-ms="117839" status="PASS">
          <reporter-output>
          </reporter-output>
        </test-method> <!-- setUp -->
        <test-method is-config="true" signature="pageSetup()[pri:0, instance:com.Swaglabs.TestCase.OverviewPageTest@97e93f1]" started-at="2024-09-30T17:08:20 IST" name="pageSetup" finished-at="2024-09-30T17:08:25 IST" duration-ms="4677" status="PASS">
          <reporter-output>
          </reporter-output>
        </test-method> <!-- pageSetup -->
        <test-method signature="validateSummary()[pri:1, instance:com.Swaglabs.TestCase.OverviewPageTest@97e93f1]" started-at="2024-09-30T17:08:25 IST" name="validateSummary" finished-at="2024-09-30T17:08:25 IST" duration-ms="306" status="PASS">
          <reporter-output>
          </reporter-output>
        </test-method> <!-- validateSummary -->
        <test-method signature="validateCompleteOrder()[pri:2, instance:com.Swaglabs.TestCase.OverviewPageTest@97e93f1]" started-at="2024-09-30T17:08:25 IST" name="validateCompleteOrder" finished-at="2024-09-30T17:08:25 IST" duration-ms="225" status="PASS">
          <reporter-output>
          </reporter-output>
        </test-method> <!-- validateCompleteOrder -->
      </class> <!-- com.Swaglabs.TestCase.OverviewPageTest -->
    </test> <!-- OverviewPage -->
  </suite> <!-- Suite -->
</testng-results>
