<?xml version="1.0" encoding="UTF-8"?>
<testsuite xmlns:xsi="http://www.w3.org/2001/XMLSchema-instance" xsi:noNamespaceSchemaLocation="https://maven.apache.org/surefire/maven-surefire-plugin/xsd/surefire-test-report.xsd" version="3.0.2" name="TestSuite" time="416.389" tests="12" errors="0" skipped="0" failures="0">
  <properties>
[...]
</properties>
  <testcase name="ValidateUrl" classname="com.Swaglabs.TestCase.LoginPageTest" time="1.135">
    <system-out><![CDATA[Execution started
Test execution started: ValidateUrl
The Url is Valid ......
Test success: ValidateUrl
]]></system-out>
    <system-err><![CDATA[SLF4J: Failed to load class "org.slf4j.impl.StaticLoggerBinder".
SLF4J: Defaulting to no-operation (NOP) logger implementation
SLF4J: See http://www.slf4j.org/codes.html#StaticLoggerBinder for further details.
Sep 30, 2024 5:33:20 PM org.openqa.selenium.devtools.CdpVersionFinder findNearestMatch
WARNING: Unable to find an exact match for CDP version 129, returning the closest version; found: 128; Please update to a Selenium version that supports CDP version 129
]]></system-err>
  </testcase>
  <testcase name="ValidateTitle" classname="com.Swaglabs.TestCase.LoginPageTest" time="0.002">
    <system-out><![CDATA[Test execution started: ValidateTitle
The Title is Valid ......
Test success: ValidateTitle
]]></system-out>
  </testcase>
  <testcase name="ValidateProductDetails" classname="com.Swaglabs.TestCase.InventoryPageTest" time="0.14">
    <system-out><![CDATA[Execution Finish
Execution started
Test execution started: ValidateProductDetails
******************Total Products*****************
Sauce Labs Backpack
Sauce Labs Bike Light
Sauce Labs Bolt T-Shirt
Sauce Labs Fleece Jacket
Sauce Labs Onesie
Test.allTheThings() T-Shirt (Red)
ValidateProductDetails  success
Test success: ValidateProductDetails
]]></system-out>
    <system-err><![CDATA[Sep 30, 2024 5:35:03 PM org.openqa.selenium.devtools.CdpVersionFinder findNearestMatch
WARNING: Unable to find an exact match for CDP version 129, returning the closest version; found: 128; Please update to a Selenium version that supports CDP version 129
]]></system-err>
  </testcase>
  <testcase name="ValidateSelection" classname="com.Swaglabs.TestCase.InventoryPageTest" time="0.002">
    <system-out><![CDATA[Test execution started: ValidateSelection
ValidateSelection Sucess
Test success: ValidateSelection
]]></system-out>
  </testcase>
  <testcase name="ValidateAddToCart" classname="com.Swaglabs.TestCase.InventoryPageTest" time="0.045">
    <system-out><![CDATA[Test execution started: ValidateAddToCart
ValidateAddToCart Success
Test success: ValidateAddToCart
]]></system-out>
  </testcase>
  <testcase name="openCart" classname="com.Swaglabs.TestCase.InventoryPageTest" time="0.092">
    <system-out><![CDATA[Test execution started: openCart
OpenCart
Test success: openCart
]]></system-out>
  </testcase>
  <testcase name="ValidateRemove" classname="com.Swaglabs.TestCase.CartPageTest" time="0.054">
    <system-out><![CDATA[Execution Finish
Execution started
Test execution started: ValidateRemove
Product removed from cart!
Test success: ValidateRemove
]]></system-out>
    <system-err><![CDATA[Sep 30, 2024 5:36:25 PM org.openqa.selenium.devtools.CdpVersionFinder findNearestMatch
WARNING: Unable to find an exact match for CDP version 129, returning the closest version; found: 128; Please update to a Selenium version that supports CDP version 129
]]></system-err>
  </testcase>
  <testcase name="validatecontinueShoping" classname="com.Swaglabs.TestCase.CartPageTest" time="0.535">
    <system-out><![CDATA[Test execution started: validatecontinueShoping
Test success: validatecontinueShoping
]]></system-out>
  </testcase>
  <testcase name="navigateToCheckoutPage" classname="com.Swaglabs.TestCase.CartPageTest" time="0.155">
    <system-out><![CDATA[Test execution started: navigateToCheckoutPage
Test success: navigateToCheckoutPage
]]></system-out>
  </testcase>
  <testcase name="ValidateOverview" classname="com.Swaglabs.TestCase.CheckOutPageTest" time="0.921">
    <system-out><![CDATA[Execution Finish
Execution started
Test execution started: ValidateOverview
Test success: ValidateOverview
]]></system-out>
    <system-err><![CDATA[Sep 30, 2024 5:37:16 PM org.openqa.selenium.devtools.CdpVersionFinder findNearestMatch
WARNING: Unable to find an exact match for CDP version 129, returning the closest version; found: 128; Please update to a Selenium version that supports CDP version 129
]]></system-err>
  </testcase>
  <testcase name="validateSummary" classname="com.Swaglabs.TestCase.OverviewPageTest" time="0.032">
    <system-out><![CDATA[Execution Finish
Execution started
Test execution started: validateSummary
*******Order Summary is*********
QTYDescription
1
Sauce Labs Bolt T-Shirt
Get your testing superhero on with the Sauce Labs bolt T-shirt. From American Apparel, 100% ringspun combed cotton, heather gray with red bolt.
$15.99
Payment Information:
SauceCard #31337
Shipping Information:
Free Pony Express Delivery!
Price Total
Item total: $15.99
Tax: $1.28
Total: $17.27
Cancel
Finish
Test success: validateSummary
]]></system-out>
    <system-err><![CDATA[Sep 30, 2024 5:37:57 PM org.openqa.selenium.devtools.CdpVersionFinder findNearestMatch
WARNING: Unable to find an exact match for CDP version 129, returning the closest version; found: 128; Please update to a Selenium version that supports CDP version 129
]]></system-err>
  </testcase>
  <testcase name="validateCompleteOrder" classname="com.Swaglabs.TestCase.OverviewPageTest" time="0.082">
    <system-out><![CDATA[Test execution started: validateCompleteOrder
Final Order status: Thank you for your order!
Test success: validateCompleteOrder
]]></system-out>
  </testcase>
</testsuite>