<?xml version="1.0" encoding="UTF-8"?>
<testng-results ignored="0" total="12" passed="12" failed="0" skipped="0">
  <reporter-output>
  </reporter-output>
  <suite started-at="2024-09-30T17:31:32 IST" name="Suite" finished-at="2024-09-30T17:38:24 IST" duration-ms="411619">
    <groups>
    </groups>
    <test started-at="2024-09-30T17:31:32 IST" name="LoginTest" finished-at="2024-09-30T17:34:21 IST" duration-ms="169412">
      <class name="com.Swaglabs.TestCase.LoginPageTest">
        <test-method is-config="true" signature="setUp()[pri:0, instance:com.Swaglabs.TestCase.LoginPageTest@548a24a]" started-at="2024-09-30T17:31:32 IST" name="setUp" finished-at="2024-09-30T17:34:20 IST" duration-ms="168187" status="PASS">
          <reporter-output>
          </reporter-output>
        </test-method> <!-- setUp -->
        <test-method signature="ValidateUrl()[pri:1, instance:com.Swaglabs.TestCase.LoginPageTest@548a24a]" started-at="2024-09-30T17:34:20 IST" name="ValidateUrl" finished-at="2024-09-30T17:34:21 IST" duration-ms="1130" status="PASS">
          <reporter-output>
          </reporter-output>
        </test-method> <!-- ValidateUrl -->
        <test-method signature="ValidateTitle()[pri:2, instance:com.Swaglabs.TestCase.LoginPageTest@548a24a]" started-at="2024-09-30T17:34:21 IST" name="ValidateTitle" finished-at="2024-09-30T17:34:21 IST" duration-ms="15" status="PASS">
          <reporter-output>
          </reporter-output>
        </test-method> <!-- ValidateTitle -->
      </class> <!-- com.Swaglabs.TestCase.LoginPageTest -->
    </test> <!-- LoginTest -->
    <test started-at="2024-09-30T17:34:27 IST" name="InventoryTest" finished-at="2024-09-30T17:35:59 IST" duration-ms="92176">
      <class name="com.Swaglabs.TestCase.InventoryPageTest">
        <test-method is-config="true" signature="setUp()[pri:0, instance:com.Swaglabs.TestCase.InventoryPageTest@1c742ed4]" started-at="2024-09-30T17:34:27 IST" name="setUp" finished-at="2024-09-30T17:35:53 IST" duration-ms="86796" status="PASS">
          <reporter-output>
          </reporter-output>
        </test-method> <!-- setUp -->
        <test-method is-config="true" signature="setup()[pri:0, instance:com.Swaglabs.TestCase.InventoryPageTest@1c742ed4]" started-at="2024-09-30T17:35:53 IST" name="setup" finished-at="2024-09-30T17:35:58 IST" duration-ms="4722" status="PASS">
          <reporter-output>
          </reporter-output>
        </test-method> <!-- setup -->
        <test-method signature="ValidateProductDetails()[pri:1, instance:com.Swaglabs.TestCase.InventoryPageTest@1c742ed4]" started-at="2024-09-30T17:35:58 IST" name="ValidateProductDetails" finished-at="2024-09-30T17:35:58 IST" duration-ms="140" status="PASS">
          <reporter-output>
          </reporter-output>
        </test-method> <!-- ValidateProductDetails -->
        <test-method signature="ValidateSelection()[pri:2, instance:com.Swaglabs.TestCase.InventoryPageTest@1c742ed4]" started-at="2024-09-30T17:35:58 IST" name="ValidateSelection" finished-at="2024-09-30T17:35:59 IST" duration-ms="311" status="PASS">
          <reporter-output>
          </reporter-output>
        </test-method> <!-- ValidateSelection -->
        <test-method signature="ValidateAddToCart()[pri:3, instance:com.Swaglabs.TestCase.InventoryPageTest@1c742ed4]" started-at="2024-09-30T17:35:59 IST" name="ValidateAddToCart" finished-at="2024-09-30T17:35:59 IST" duration-ms="99" status="PASS">
          <reporter-output>
          </reporter-output>
        </test-method> <!-- ValidateAddToCart -->
        <test-method signature="openCart()[pri:4, instance:com.Swaglabs.TestCase.InventoryPageTest@1c742ed4]" started-at="2024-09-30T17:35:59 IST" name="openCart" finished-at="2024-09-30T17:35:59 IST" duration-ms="86" status="PASS">
          <reporter-output>
          </reporter-output>
        </test-method> <!-- openCart -->
      </class> <!-- com.Swaglabs.TestCase.InventoryPageTest -->
    </test> <!-- InventoryTest -->
    <test started-at="2024-09-30T17:36:01 IST" name="CartTest" finished-at="2024-09-30T17:37:03 IST" duration-ms="62795">
      <class name="com.Swaglabs.TestCase.CartPageTest">
        <test-method is-config="true" signature="setUp()[pri:0, instance:com.Swaglabs.TestCase.CartPageTest@4d14b6c2]" started-at="2024-09-30T17:36:01 IST" name="setUp" finished-at="2024-09-30T17:37:02 IST" duration-ms="61204" status="PASS">
          <reporter-output>
          </reporter-output>
        </test-method> <!-- setUp -->
        <test-method is-config="true" signature="setup()[pri:0, instance:com.Swaglabs.TestCase.CartPageTest@4d14b6c2]" started-at="2024-09-30T17:37:02 IST" name="setup" finished-at="2024-09-30T17:37:03 IST" duration-ms="847" status="PASS">
          <reporter-output>
          </reporter-output>
        </test-method> <!-- setup -->
        <test-method signature="ValidateRemove()[pri:1, instance:com.Swaglabs.TestCase.CartPageTest@4d14b6c2]" started-at="2024-09-30T17:37:03 IST" name="ValidateRemove" finished-at="2024-09-30T17:37:03 IST" duration-ms="56" status="PASS">
          <reporter-output>
          </reporter-output>
        </test-method> <!-- ValidateRemove -->
        <test-method signature="validatecontinueShoping()[pri:2, instance:com.Swaglabs.TestCase.CartPageTest@4d14b6c2]" started-at="2024-09-30T17:37:03 IST" name="validatecontinueShoping" finished-at="2024-09-30T17:37:03 IST" duration-ms="558" status="PASS">
          <reporter-output>
          </reporter-output>
        </test-method> <!-- validatecontinueShoping -->
        <test-method signature="navigateToCheckoutPage()[pri:3, instance:com.Swaglabs.TestCase.CartPageTest@4d14b6c2]" started-at="2024-09-30T17:37:03 IST" name="navigateToCheckoutPage" finished-at="2024-09-30T17:37:03 IST" duration-ms="125" status="PASS">
          <reporter-output>
          </reporter-output>
        </test-method> <!-- navigateToCheckoutPage -->
      </class> <!-- com.Swaglabs.TestCase.CartPageTest -->
    </test> <!-- CartTest -->
    <test started-at="2024-09-30T17:37:04 IST" name="CheckOutPage" finished-at="2024-09-30T17:37:46 IST" duration-ms="42101">
      <class name="com.Swaglabs.TestCase.CheckOutPageTest">
        <test-method is-config="true" signature="setUp()[pri:0, instance:com.Swaglabs.TestCase.CheckOutPageTest@7b4c50bc]" started-at="2024-09-30T17:37:04 IST" name="setUp" finished-at="2024-09-30T17:37:45 IST" duration-ms="40281" status="PASS">
          <reporter-output>
          </reporter-output>
        </test-method> <!-- setUp -->
        <test-method is-config="true" signature="setup()[pri:0, instance:com.Swaglabs.TestCase.CheckOutPageTest@7b4c50bc]" started-at="2024-09-30T17:37:45 IST" name="setup" finished-at="2024-09-30T17:37:45 IST" duration-ms="896" status="PASS">
          <reporter-output>
          </reporter-output>
        </test-method> <!-- setup -->
        <test-method signature="ValidateOverview()[pri:0, instance:com.Swaglabs.TestCase.CheckOutPageTest@7b4c50bc]" started-at="2024-09-30T17:37:45 IST" name="ValidateOverview" finished-at="2024-09-30T17:37:46 IST" duration-ms="920" status="PASS">
          <reporter-output>
          </reporter-output>
        </test-method> <!-- ValidateOverview -->
      </class> <!-- com.Swaglabs.TestCase.CheckOutPageTest -->
    </test> <!-- CheckOutPage -->
    <test started-at="2024-09-30T17:37:47 IST" name="OverviewPage" finished-at="2024-09-30T17:38:24 IST" duration-ms="37000">
      <class name="com.Swaglabs.TestCase.OverviewPageTest">
        <test-method is-config="true" signature="setUp()[pri:0, instance:com.Swaglabs.TestCase.OverviewPageTest@7a6d7e92]" started-at="2024-09-30T17:37:47 IST" name="setUp" finished-at="2024-09-30T17:38:22 IST" duration-ms="35309" status="PASS">
          <reporter-output>
          </reporter-output>
        </test-method> <!-- setUp -->
        <test-method is-config="true" signature="pageSetup()[pri:0, instance:com.Swaglabs.TestCase.OverviewPageTest@7a6d7e92]" started-at="2024-09-30T17:38:22 IST" name="pageSetup" finished-at="2024-09-30T17:38:23 IST" duration-ms="1575" status="PASS">
          <reporter-output>
          </reporter-output>
        </test-method> <!-- pageSetup -->
        <test-method signature="validateSummary()[pri:1, instance:com.Swaglabs.TestCase.OverviewPageTest@7a6d7e92]" started-at="2024-09-30T17:38:23 IST" name="validateSummary" finished-at="2024-09-30T17:38:23 IST" duration-ms="31" status="PASS">
          <reporter-output>
          </reporter-output>
        </test-method> <!-- validateSummary -->
        <test-method signature="validateCompleteOrder()[pri:2, instance:com.Swaglabs.TestCase.OverviewPageTest@7a6d7e92]" started-at="2024-09-30T17:38:23 IST" name="validateCompleteOrder" finished-at="2024-09-30T17:38:24 IST" duration-ms="82" status="PASS">
          <reporter-output>
          </reporter-output>
        </test-method> <!-- validateCompleteOrder -->
      </class> <!-- com.Swaglabs.TestCase.OverviewPageTest -->
    </test> <!-- OverviewPage -->
  </suite> <!-- Suite -->
</testng-results>
