<?xml version="1.0" encoding="UTF-8"?>
<testng-results ignored="0" total="12" passed="12" failed="0" skipped="0">
  <reporter-output>
  </reporter-output>
  <suite started-at="2024-09-19T18:03:21 IST" name="Suite" finished-at="2024-09-19T18:10:29 IST" duration-ms="428612">
    <groups>
    </groups>
    <test started-at="2024-09-19T18:03:21 IST" name="LoginTest" finished-at="2024-09-19T18:04:30 IST" duration-ms="68718">
      <class name="com.Swaglabs.TestCase.LoginPageTest">
        <test-method is-config="true" signature="setUp()[pri:0, instance:com.Swaglabs.TestCase.LoginPageTest@3b35a229]" started-at="2024-09-19T18:03:21 IST" name="setUp" finished-at="2024-09-19T18:04:29 IST" duration-ms="67764" status="PASS">
          <reporter-output>
          </reporter-output>
        </test-method> <!-- setUp -->
        <test-method signature="ValidateUrl()[pri:1, instance:com.Swaglabs.TestCase.LoginPageTest@3b35a229]" started-at="2024-09-19T18:04:29 IST" name="ValidateUrl" finished-at="2024-09-19T18:04:29 IST" duration-ms="444" status="PASS">
          <reporter-output>
          </reporter-output>
        </test-method> <!-- ValidateUrl -->
        <test-method signature="ValidateTitle()[pri:2, instance:com.Swaglabs.TestCase.LoginPageTest@3b35a229]" started-at="2024-09-19T18:04:29 IST" name="ValidateTitle" finished-at="2024-09-19T18:04:30 IST" duration-ms="253" status="PASS">
          <reporter-output>
          </reporter-output>
        </test-method> <!-- ValidateTitle -->
      </class> <!-- com.Swaglabs.TestCase.LoginPageTest -->
    </test> <!-- LoginTest -->
    <test started-at="2024-09-19T18:04:34 IST" name="InventoryTest" finished-at="2024-09-19T18:05:16 IST" duration-ms="41668">
      <class name="com.Swaglabs.TestCase.InventoryPageTest">
        <test-method is-config="true" signature="setUp()[pri:0, instance:com.Swaglabs.TestCase.InventoryPageTest@7d61eb55]" started-at="2024-09-19T18:04:34 IST" name="setUp" finished-at="2024-09-19T18:05:08 IST" duration-ms="33710" status="PASS">
          <reporter-output>
          </reporter-output>
        </test-method> <!-- setUp -->
        <test-method is-config="true" signature="setup()[pri:0, instance:com.Swaglabs.TestCase.InventoryPageTest@7d61eb55]" started-at="2024-09-19T18:05:08 IST" name="setup" finished-at="2024-09-19T18:05:13 IST" duration-ms="4797" status="PASS">
          <reporter-output>
          </reporter-output>
        </test-method> <!-- setup -->
        <test-method signature="ValidateProductDetails()[pri:1, instance:com.Swaglabs.TestCase.InventoryPageTest@7d61eb55]" started-at="2024-09-19T18:05:13 IST" name="ValidateProductDetails" finished-at="2024-09-19T18:05:14 IST" duration-ms="1157" status="PASS">
          <reporter-output>
          </reporter-output>
        </test-method> <!-- ValidateProductDetails -->
        <test-method signature="ValidateSelection()[pri:2, instance:com.Swaglabs.TestCase.InventoryPageTest@7d61eb55]" started-at="2024-09-19T18:05:14 IST" name="ValidateSelection" finished-at="2024-09-19T18:05:14 IST" duration-ms="160" status="PASS">
          <reporter-output>
          </reporter-output>
        </test-method> <!-- ValidateSelection -->
        <test-method signature="ValidateAddToCart()[pri:3, instance:com.Swaglabs.TestCase.InventoryPageTest@7d61eb55]" started-at="2024-09-19T18:05:14 IST" name="ValidateAddToCart" finished-at="2024-09-19T18:05:14 IST" duration-ms="559" status="PASS">
          <reporter-output>
          </reporter-output>
        </test-method> <!-- ValidateAddToCart -->
        <test-method signature="openCart()[pri:4, instance:com.Swaglabs.TestCase.InventoryPageTest@7d61eb55]" started-at="2024-09-19T18:05:15 IST" name="openCart" finished-at="2024-09-19T18:05:16 IST" duration-ms="1223" status="PASS">
          <reporter-output>
          </reporter-output>
        </test-method> <!-- openCart -->
      </class> <!-- com.Swaglabs.TestCase.InventoryPageTest -->
    </test> <!-- InventoryTest -->
    <test started-at="2024-09-19T18:05:18 IST" name="CartTest" finished-at="2024-09-19T18:06:55 IST" duration-ms="96524">
      <class name="com.Swaglabs.TestCase.CartPageTest">
        <test-method is-config="true" signature="setUp()[pri:0, instance:com.Swaglabs.TestCase.CartPageTest@7283d3eb]" started-at="2024-09-19T18:05:18 IST" name="setUp" finished-at="2024-09-19T18:06:06 IST" duration-ms="47491" status="PASS">
          <reporter-output>
          </reporter-output>
        </test-method> <!-- setUp -->
        <test-method is-config="true" signature="setup()[pri:0, instance:com.Swaglabs.TestCase.CartPageTest@7283d3eb]" started-at="2024-09-19T18:06:06 IST" name="setup" finished-at="2024-09-19T18:06:31 IST" duration-ms="25758" status="PASS">
          <reporter-output>
          </reporter-output>
        </test-method> <!-- setup -->
        <test-method signature="ValidateRemove()[pri:1, instance:com.Swaglabs.TestCase.CartPageTest@7283d3eb]" started-at="2024-09-19T18:06:31 IST" name="ValidateRemove" finished-at="2024-09-19T18:06:35 IST" duration-ms="3552" status="PASS">
          <reporter-output>
          </reporter-output>
        </test-method> <!-- ValidateRemove -->
        <test-method signature="validatecontinueShoping()[pri:2, instance:com.Swaglabs.TestCase.CartPageTest@7283d3eb]" started-at="2024-09-19T18:06:35 IST" name="validatecontinueShoping" finished-at="2024-09-19T18:06:51 IST" duration-ms="16153" status="PASS">
          <reporter-output>
          </reporter-output>
        </test-method> <!-- validatecontinueShoping -->
        <test-method signature="navigateToCheckoutPage()[pri:3, instance:com.Swaglabs.TestCase.CartPageTest@7283d3eb]" started-at="2024-09-19T18:06:51 IST" name="navigateToCheckoutPage" finished-at="2024-09-19T18:06:55 IST" duration-ms="3556" status="PASS">
          <reporter-output>
          </reporter-output>
        </test-method> <!-- navigateToCheckoutPage -->
      </class> <!-- com.Swaglabs.TestCase.CartPageTest -->
    </test> <!-- CartTest -->
    <test started-at="2024-09-19T18:06:55 IST" name="CheckOutPage" finished-at="2024-09-19T18:07:54 IST" duration-ms="58951">
      <class name="com.Swaglabs.TestCase.CheckOutPageTest">
        <test-method is-config="true" signature="setUp()[pri:0, instance:com.Swaglabs.TestCase.CheckOutPageTest@776a6d9b]" started-at="2024-09-19T18:06:55 IST" name="setUp" finished-at="2024-09-19T18:07:40 IST" duration-ms="44467" status="PASS">
          <reporter-output>
          </reporter-output>
        </test-method> <!-- setUp -->
        <test-method is-config="true" signature="setup()[pri:0, instance:com.Swaglabs.TestCase.CheckOutPageTest@776a6d9b]" started-at="2024-09-19T18:07:40 IST" name="setup" finished-at="2024-09-19T18:07:49 IST" duration-ms="9655" status="PASS">
          <reporter-output>
          </reporter-output>
        </test-method> <!-- setup -->
        <test-method signature="ValidateOverview()[pri:0, instance:com.Swaglabs.TestCase.CheckOutPageTest@776a6d9b]" started-at="2024-09-19T18:07:49 IST" name="ValidateOverview" finished-at="2024-09-19T18:07:54 IST" duration-ms="4823" status="PASS">
          <reporter-output>
          </reporter-output>
        </test-method> <!-- ValidateOverview -->
      </class> <!-- com.Swaglabs.TestCase.CheckOutPageTest -->
    </test> <!-- CheckOutPage -->
    <test started-at="2024-09-19T18:07:55 IST" name="OverviewPage" finished-at="2024-09-19T18:10:29 IST" duration-ms="154844">
      <class name="com.Swaglabs.TestCase.OverviewPageTest">
        <test-method is-config="true" signature="setUp()[pri:0, instance:com.Swaglabs.TestCase.OverviewPageTest@264f218]" started-at="2024-09-19T18:07:55 IST" name="setUp" finished-at="2024-09-19T18:09:18 IST" duration-ms="82988" status="PASS">
          <reporter-output>
          </reporter-output>
        </test-method> <!-- setUp -->
        <test-method is-config="true" signature="pageSetup()[pri:0, instance:com.Swaglabs.TestCase.OverviewPageTest@264f218]" started-at="2024-09-19T18:09:18 IST" name="pageSetup" finished-at="2024-09-19T18:10:20 IST" duration-ms="62759" status="PASS">
          <reporter-output>
          </reporter-output>
        </test-method> <!-- pageSetup -->
        <test-method signature="validateSummary()[pri:1, instance:com.Swaglabs.TestCase.OverviewPageTest@264f218]" started-at="2024-09-19T18:10:20 IST" name="validateSummary" finished-at="2024-09-19T18:10:22 IST" duration-ms="1763" status="PASS">
          <reporter-output>
          </reporter-output>
        </test-method> <!-- validateSummary -->
        <test-method signature="validateCompleteOrder()[pri:2, instance:com.Swaglabs.TestCase.OverviewPageTest@264f218]" started-at="2024-09-19T18:10:22 IST" name="validateCompleteOrder" finished-at="2024-09-19T18:10:29 IST" duration-ms="7322" status="PASS">
          <reporter-output>
          </reporter-output>
        </test-method> <!-- validateCompleteOrder -->
      </class> <!-- com.Swaglabs.TestCase.OverviewPageTest -->
    </test> <!-- OverviewPage -->
  </suite> <!-- Suite -->
</testng-results>
